# JRE version: OpenJDK Runtime Environment Temurin-19.0.2+7 (19.0.2+7) (build 19.0.2+7)
# Java VM: OpenJDK 64-Bit Server VM Temurin-19.0.2+7 (19.0.2+7, mixed mode, tiered, compressed oops, compressed class ptrs, g1 gc, windows-amd64)
GC Precious Log:
 CardTable entry size: 512
 Card Set container configuration: InlinePtr #cards 4 size 8 Array Of Cards #cards 16 size 48 Howl #buckets 8 coarsen threshold 3686 Howl Bitmap #cards 512 size 80 coarsen threshold 460 Card regions per heap region 1 cards per card region 4096
 CPUs: 8 total, 8 available
 Memory: 12154M
 Large Page Support: Disabled
 NUMA Support: Disabled
 Compressed Oops: Enabled (Zero based)
 Heap Region Size: 2M
 Heap Min Capacity: 8M
 Heap Initial Capacity: 190M
 Heap Max Capacity: 3040M
 Pre-touch: Disabled
 Parallel Workers: 8
 Concurrent Workers: 2
 Concurrent Refinement Workers: 8
 Periodic GC: Disabled
Heap:
 garbage-first heap   total 59392K, used 23110K [0x0000000742000000, 0x0000000800000000)
  region size 2048K, 4 young (8192K), 2 survivors (4096K)
 Metaspace       used 53428K, committed 53952K, reserved 1114112K
  class space    used 6343K, committed 6592K, reserved 1048576K
GC Heap History (20 events):
Event: 1.996 GC heap before
{Heap before GC invocations=5 (full 0):
 garbage-first heap   total 49152K, used 13120K [0x0000000742000000, 0x0000000800000000)
  region size 2048K, 2 young (4096K), 1 survivors (2048K)
 Metaspace       used 27092K, committed 27392K, reserved 1114112K
  class space    used 2849K, committed 3008K, reserved 1048576K
}
Event: 1.999 GC heap after
{Heap after GC invocations=6 (full 0):
 garbage-first heap   total 49152K, used 11411K [0x0000000742000000, 0x0000000800000000)
  region size 2048K, 1 young (2048K), 1 survivors (2048K)
 Metaspace       used 27092K, committed 27392K, reserved 1114112K
  class space    used 2849K, committed 3008K, reserved 1048576K
}
Event: 2.456 GC heap before
{Heap before GC invocations=6 (full 0):
 garbage-first heap   total 49152K, used 29843K [0x0000000742000000, 0x0000000800000000)
  region size 2048K, 10 young (20480K), 1 survivors (2048K)
 Metaspace       used 29395K, committed 29696K, reserved 1114112K
  class space    used 3115K, committed 3264K, reserved 1048576K
}
Event: 2.458 GC heap after
{Heap after GC invocations=7 (full 0):
 garbage-first heap   total 49152K, used 12641K [0x0000000742000000, 0x0000000800000000)
  region size 2048K, 1 young (2048K), 1 survivors (2048K)
 Metaspace       used 29395K, committed 29696K, reserved 1114112K
  class space    used 3115K, committed 3264K, reserved 1048576K
}
Event: 2.969 GC heap before
{Heap before GC invocations=7 (full 0):
 garbage-first heap   total 49152K, used 31073K [0x0000000742000000, 0x0000000800000000)
  region size 2048K, 10 young (20480K), 1 survivors (2048K)
 Metaspace       used 32918K, committed 33216K, reserved 1114112K
  class space    used 3670K, committed 3840K, reserved 1048576K
}
Event: 2.972 GC heap after
{Heap after GC invocations=8 (full 0):
 garbage-first heap   total 49152K, used 13900K [0x0000000742000000, 0x0000000800000000)
  region size 2048K, 2 young (4096K), 2 survivors (4096K)
 Metaspace       used 32918K, committed 33216K, reserved 1114112K
  class space    used 3670K, committed 3840K, reserved 1048576K
}
Event: 3.458 GC heap before
{Heap before GC invocations=8 (full 0):
 garbage-first heap   total 49152K, used 30284K [0x0000000742000000, 0x0000000800000000)
  region size 2048K, 11 young (22528K), 2 survivors (4096K)
 Metaspace       used 35762K, committed 36096K, reserved 1114112K
  class space    used 4059K, committed 4224K, reserved 1048576K
}
Event: 3.463 GC heap after
{Heap after GC invocations=9 (full 0):
 garbage-first heap   total 49152K, used 15713K [0x0000000742000000, 0x0000000800000000)
  region size 2048K, 2 young (4096K), 2 survivors (4096K)
 Metaspace       used 35762K, committed 36096K, reserved 1114112K
  class space    used 4059K, committed 4224K, reserved 1048576K
}
Event: 4.081 GC heap before
{Heap before GC invocations=10 (full 0):
 garbage-first heap   total 49152K, used 30049K [0x0000000742000000, 0x0000000800000000)
  region size 2048K, 10 young (20480K), 2 survivors (4096K)
 Metaspace       used 39073K, committed 39488K, reserved 1114112K
  class space    used 4480K, committed 4672K, reserved 1048576K
}
Event: 4.086 GC heap after
{Heap after GC invocations=11 (full 0):
 garbage-first heap   total 49152K, used 16985K [0x0000000742000000, 0x0000000800000000)
  region size 2048K, 2 young (4096K), 2 survivors (4096K)
 Metaspace       used 39073K, committed 39488K, reserved 1114112K
  class space    used 4480K, committed 4672K, reserved 1048576K
}
Event: 4.149 GC heap before
{Heap before GC invocations=11 (full 0):
 garbage-first heap   total 49152K, used 19033K [0x0000000742000000, 0x0000000800000000)
  region size 2048K, 3 young (6144K), 2 survivors (4096K)
 Metaspace       used 39256K, committed 39744K, reserved 1114112K
  class space    used 4504K, committed 4736K, reserved 1048576K
}
Event: 4.155 GC heap after
{Heap after GC invocations=12 (full 0):
 garbage-first heap   total 49152K, used 16869K [0x0000000742000000, 0x0000000800000000)
  region size 2048K, 1 young (2048K), 1 survivors (2048K)
 Metaspace       used 39256K, committed 39744K, reserved 1114112K
  class space    used 4504K, committed 4736K, reserved 1048576K
}
Event: 4.594 GC heap before
{Heap before GC invocations=12 (full 0):
 garbage-first heap   total 49152K, used 33253K [0x0000000742000000, 0x0000000800000000)
  region size 2048K, 9 young (18432K), 1 survivors (2048K)
 Metaspace       used 41929K, committed 42368K, reserved 1114112K
  class space    used 4782K, committed 4992K, reserved 1048576K
}
Event: 4.596 GC heap after
{Heap after GC invocations=13 (full 0):
 garbage-first heap   total 49152K, used 17986K [0x0000000742000000, 0x0000000800000000)
  region size 2048K, 1 young (2048K), 1 survivors (2048K)
 Metaspace       used 41929K, committed 42368K, reserved 1114112K
  class space    used 4782K, committed 4992K, reserved 1048576K
}
Event: 5.061 GC heap before
{Heap before GC invocations=13 (full 0):
 garbage-first heap   total 49152K, used 36418K [0x0000000742000000, 0x0000000800000000)
  region size 2048K, 10 young (20480K), 1 survivors (2048K)
 Metaspace       used 45706K, committed 46272K, reserved 1114112K
  class space    used 5286K, committed 5568K, reserved 1048576K
}
Event: 5.064 GC heap after
{Heap after GC invocations=14 (full 0):
 garbage-first heap   total 49152K, used 19242K [0x0000000742000000, 0x0000000800000000)
  region size 2048K, 2 young (4096K), 2 survivors (4096K)
 Metaspace       used 45706K, committed 46272K, reserved 1114112K
  class space    used 5286K, committed 5568K, reserved 1048576K
}
Event: 5.343 GC heap before
{Heap before GC invocations=14 (full 0):
 garbage-first heap   total 49152K, used 35626K [0x0000000742000000, 0x0000000800000000)
  region size 2048K, 10 young (20480K), 2 survivors (4096K)
 Metaspace       used 47263K, committed 47808K, reserved 1114112K
  class space    used 5485K, committed 5760K, reserved 1048576K
}
Event: 5.347 GC heap after
{Heap after GC invocations=15 (full 0):
 garbage-first heap   total 49152K, used 19975K [0x0000000742000000, 0x0000000800000000)
  region size 2048K, 2 young (4096K), 2 survivors (4096K)
 Metaspace       used 47263K, committed 47808K, reserved 1114112K
  class space    used 5485K, committed 5760K, reserved 1048576K
}
Event: 6.073 GC heap before
{Heap before GC invocations=15 (full 0):
 garbage-first heap   total 49152K, used 36359K [0x0000000742000000, 0x0000000800000000)
  region size 2048K, 10 young (20480K), 2 survivors (4096K)
 Metaspace       used 52140K, committed 52672K, reserved 1114112K
  class space    used 6193K, committed 6464K, reserved 1048576K
}
Event: 6.076 GC heap after
{Heap after GC invocations=16 (full 0):
 garbage-first heap   total 59392K, used 21062K [0x0000000742000000, 0x0000000800000000)
  region size 2048K, 2 young (4096K), 2 survivors (4096K)
 Metaspace       used 52140K, committed 52672K, reserved 1114112K
  class space    used 6193K, committed 6464K, reserved 1048576K
}

