# JRE version: OpenJDK Runtime Environment Temurin-19.0.2+7 (19.0.2+7) (build 19.0.2+7)
# Java VM: OpenJDK 64-Bit Server VM Temurin-19.0.2+7 (19.0.2+7, mixed mode, tiered, compressed oops, compressed class ptrs, g1 gc, windows-amd64)
GC Precious Log:
 CardTable entry size: 512
 Card Set container configuration: InlinePtr #cards 4 size 8 Array Of Cards #cards 16 size 48 Howl #buckets 8 coarsen threshold 3686 Howl Bitmap #cards 512 size 80 coarsen threshold 460 Card regions per heap region 1 cards per card region 4096
 CPUs: 8 total, 8 available
 Memory: 12154M
 Large Page Support: Disabled
 NUMA Support: Disabled
 Compressed Oops: Enabled (Zero based)
 Heap Region Size: 2M
 Heap Min Capacity: 8M
 Heap Initial Capacity: 190M
 Heap Max Capacity: 3040M
 Pre-touch: Disabled
 Parallel Workers: 8
 Concurrent Workers: 2
 Concurrent Refinement Workers: 8
 Periodic GC: Disabled
Heap:
 garbage-first heap   total 55296K, used 28340K [0x0000000742000000, 0x0000000800000000)
  region size 2048K, 3 young (6144K), 2 survivors (4096K)
 Metaspace       used 72159K, committed 72832K, reserved 1114112K
  class space    used 9164K, committed 9472K, reserved 1048576K
GC Heap History (20 events):
Event: 6.141 GC heap before
{Heap before GC invocations=15 (full 0):
 garbage-first heap   total 49152K, used 33657K [0x0000000742000000, 0x0000000800000000)
  region size 2048K, 9 young (18432K), 2 survivors (4096K)
 Metaspace       used 50794K, committed 51264K, reserved 1114112K
  class space    used 6058K, committed 6272K, reserved 1048576K
}
Event: 6.146 GC heap after
{Heap after GC invocations=16 (full 0):
 garbage-first heap   total 49152K, used 20254K [0x0000000742000000, 0x0000000800000000)
  region size 2048K, 1 young (2048K), 1 survivors (2048K)
 Metaspace       used 50794K, committed 51264K, reserved 1114112K
  class space    used 6058K, committed 6272K, reserved 1048576K
}
Event: 6.881 GC heap before
{Heap before GC invocations=16 (full 0):
 garbage-first heap   total 49152K, used 36638K [0x0000000742000000, 0x0000000800000000)
  region size 2048K, 9 young (18432K), 1 survivors (2048K)
 Metaspace       used 55713K, committed 56320K, reserved 1114112K
  class space    used 6684K, committed 6976K, reserved 1048576K
}
Event: 6.885 GC heap after
{Heap after GC invocations=17 (full 0):
 garbage-first heap   total 49152K, used 21421K [0x0000000742000000, 0x0000000800000000)
  region size 2048K, 2 young (4096K), 2 survivors (4096K)
 Metaspace       used 55713K, committed 56320K, reserved 1114112K
  class space    used 6684K, committed 6976K, reserved 1048576K
}
Event: 7.246 GC heap before
{Heap before GC invocations=17 (full 0):
 garbage-first heap   total 49152K, used 33709K [0x0000000742000000, 0x0000000800000000)
  region size 2048K, 9 young (18432K), 2 survivors (4096K)
 Metaspace       used 59761K, committed 60288K, reserved 1114112K
  class space    used 7283K, committed 7552K, reserved 1048576K
}
Event: 7.249 GC heap after
{Heap after GC invocations=18 (full 0):
 garbage-first heap   total 49152K, used 22366K [0x0000000742000000, 0x0000000800000000)
  region size 2048K, 2 young (4096K), 2 survivors (4096K)
 Metaspace       used 59761K, committed 60288K, reserved 1114112K
  class space    used 7283K, committed 7552K, reserved 1048576K
}
Event: 7.619 GC heap before
{Heap before GC invocations=19 (full 0):
 garbage-first heap   total 49152K, used 36702K [0x0000000742000000, 0x0000000800000000)
  region size 2048K, 9 young (18432K), 2 survivors (4096K)
 Metaspace       used 63063K, committed 63616K, reserved 1114112K
  class space    used 7850K, committed 8128K, reserved 1048576K
}
Event: 7.621 GC heap after
{Heap after GC invocations=20 (full 0):
 garbage-first heap   total 49152K, used 22905K [0x0000000742000000, 0x0000000800000000)
  region size 2048K, 2 young (4096K), 2 survivors (4096K)
 Metaspace       used 63063K, committed 63616K, reserved 1114112K
  class space    used 7850K, committed 8128K, reserved 1048576K
}
Event: 8.050 GC heap before
{Heap before GC invocations=20 (full 0):
 garbage-first heap   total 49152K, used 37241K [0x0000000742000000, 0x0000000800000000)
  region size 2048K, 9 young (18432K), 2 survivors (4096K)
 Metaspace       used 66076K, committed 66688K, reserved 1114112K
  class space    used 8265K, committed 8512K, reserved 1048576K
}
Event: 8.055 GC heap after
{Heap after GC invocations=21 (full 0):
 garbage-first heap   total 49152K, used 24489K [0x0000000742000000, 0x0000000800000000)
  region size 2048K, 2 young (4096K), 2 survivors (4096K)
 Metaspace       used 66076K, committed 66688K, reserved 1114112K
  class space    used 8265K, committed 8512K, reserved 1048576K
}
Event: 8.328 GC heap before
{Heap before GC invocations=21 (full 0):
 garbage-first heap   total 49152K, used 36777K [0x0000000742000000, 0x0000000800000000)
  region size 2048K, 8 young (16384K), 2 survivors (4096K)
 Metaspace       used 68190K, committed 68800K, reserved 1114112K
  class space    used 8546K, committed 8832K, reserved 1048576K
}
Event: 8.333 GC heap after
{Heap after GC invocations=22 (full 0):
 garbage-first heap   total 49152K, used 24929K [0x0000000742000000, 0x0000000800000000)
  region size 2048K, 1 young (2048K), 1 survivors (2048K)
 Metaspace       used 68190K, committed 68800K, reserved 1114112K
  class space    used 8546K, committed 8832K, reserved 1048576K
}
Event: 8.502 GC heap before
{Heap before GC invocations=23 (full 0):
 garbage-first heap   total 49152K, used 37217K [0x0000000742000000, 0x0000000800000000)
  region size 2048K, 7 young (14336K), 1 survivors (2048K)
 Metaspace       used 68634K, committed 69248K, reserved 1114112K
  class space    used 8631K, committed 8896K, reserved 1048576K
}
Event: 8.504 GC heap after
{Heap after GC invocations=24 (full 0):
 garbage-first heap   total 49152K, used 25429K [0x0000000742000000, 0x0000000800000000)
  region size 2048K, 1 young (2048K), 1 survivors (2048K)
 Metaspace       used 68634K, committed 69248K, reserved 1114112K
  class space    used 8631K, committed 8896K, reserved 1048576K
}
Event: 8.794 GC heap before
{Heap before GC invocations=24 (full 0):
 garbage-first heap   total 49152K, used 37717K [0x0000000742000000, 0x0000000800000000)
  region size 2048K, 7 young (14336K), 1 survivors (2048K)
 Metaspace       used 69417K, committed 70016K, reserved 1114112K
  class space    used 8731K, committed 9024K, reserved 1048576K
}
Event: 8.799 GC heap after
{Heap after GC invocations=25 (full 0):
 garbage-first heap   total 49152K, used 26278K [0x0000000742000000, 0x0000000800000000)
  region size 2048K, 1 young (2048K), 1 survivors (2048K)
 Metaspace       used 69417K, committed 70016K, reserved 1114112K
  class space    used 8731K, committed 9024K, reserved 1048576K
}
Event: 8.988 GC heap before
{Heap before GC invocations=26 (full 0):
 garbage-first heap   total 55296K, used 36518K [0x0000000742000000, 0x0000000800000000)
  region size 2048K, 6 young (12288K), 1 survivors (2048K)
 Metaspace       used 69911K, committed 70528K, reserved 1114112K
  class space    used 8836K, committed 9152K, reserved 1048576K
}
Event: 8.993 GC heap after
{Heap after GC invocations=27 (full 0):
 garbage-first heap   total 55296K, used 26955K [0x0000000742000000, 0x0000000800000000)
  region size 2048K, 1 young (2048K), 1 survivors (2048K)
 Metaspace       used 69911K, committed 70528K, reserved 1114112K
  class space    used 8836K, committed 9152K, reserved 1048576K
}
Event: 10.077 GC heap before
{Heap before GC invocations=27 (full 0):
 garbage-first heap   total 55296K, used 43339K [0x0000000742000000, 0x0000000800000000)
  region size 2048K, 9 young (18432K), 1 survivors (2048K)
 Metaspace       used 72074K, committed 72768K, reserved 1114112K
  class space    used 9153K, committed 9472K, reserved 1048576K
}
Event: 10.081 GC heap after
{Heap after GC invocations=28 (full 0):
 garbage-first heap   total 55296K, used 28340K [0x0000000742000000, 0x0000000800000000)
  region size 2048K, 2 young (4096K), 2 survivors (4096K)
 Metaspace       used 72074K, committed 72768K, reserved 1114112K
  class space    used 9153K, committed 9472K, reserved 1048576K
}

